*** Using Compiler 'V5.06 update 5 (build 528)', folder: 'E:\SoftWare\Work\MCU\KEIL\ARM\ARMCC\Bin'
Build target 'OLED_MultilevelMenu'
assembling startup_stm32f103xb.s...
compiling stm32f1xx_hal_msp.c...
compiling stm32f1xx_hal_tim.c...
compiling main.c...
../Core/Src/main.c(101): warning:  #177-D: variable "phead_5"  was declared but never referenced
  	DoubleListNode* phead_5 = phead_4->next;
../Core/Src/main.c: 1 warning, 0 errors
compiling gpio.c...
compiling stm32f1xx_hal_tim_ex.c...
compiling stm32f1xx_hal_gpio.c...
compiling stm32f1xx_hal_rcc_ex.c...
compiling stm32f1xx_hal_gpio_ex.c...
compiling stm32f1xx_it.c...
compiling stm32f1xx_hal.c...
compiling stm32f1xx_hal_dma.c...
compiling stm32f1xx_hal_rcc.c...
compiling OLED_Data.c...
compiling OLED_MultilevelMenu.c...
compiling stm32f1xx_hal_cortex.c...
compiling system_stm32f1xx.c...
compiling stm32f1xx_hal_pwr.c...
compiling stm32f1xx_hal_exti.c...
compiling stm32f1xx_hal_flash.c...
compiling stm32f1xx_hal_flash_ex.c...
compiling OLED.c...
HardWare\OLED.c(100): warning:  #188-D: enumerated type mixed with another type
  	HAL_GPIO_WritePin(
PIOB, 
PIO_PIN_8, BitValue);
HardWare\OLED.c(117): warning:  #188-D: enumerated type mixed with another type
  	HAL_GPIO_WritePin(
PIOB, 
PIO_PIN_9, BitValue);
HardWare\OLED.c: 2 warnings, 0 errors
linking...
Program Size: Code=7228 RO-data=2392 RW-data=24 ZI-data=2560  
FromELF: creating hex file...
"OLED_MultilevelMenu\OLED_MultilevelMenu.axf" - 0 Error(s), 3 Warning(s).
Build Time Elapsed:  00:00:03
