*** Using Compiler 'V5.06 update 5 (build 528)', folder: 'E:\SoftWare\Work\MCU\KEIL\ARM\ARMCC\Bin'
Build target 'HC-06'
assembling startup_stm32f103xb.s...
compiling stm32f1xx_hal_tim.c...
compiling usart.c...
compiling stm32f1xx_hal_gpio_ex.c...
compiling stm32f1xx_hal_tim_ex.c...
compiling gpio.c...
compiling main.c...
compiling stm32f1xx_hal_msp.c...
compiling dma.c...
compiling stm32f1xx_hal.c...
compiling stm32f1xx_it.c...
compiling stm32f1xx_hal_rcc.c...
compiling stm32f1xx_hal_uart.c...
compiling OLED_Data.c...
compiling stm32f1xx_hal_cortex.c...
compiling stm32f1xx_hal_flash_ex.c...
compiling stm32f1xx_hal_flash.c...
compiling stm32f1xx_hal_pwr.c...
compiling stm32f1xx_hal_rcc_ex.c...
compiling system_stm32f1xx.c...
compiling stm32f1xx_hal_dma.c...
compiling stm32f1xx_hal_exti.c...
compiling stm32f1xx_hal_gpio.c...
compiling OLED.c...
HardWare\OLED.c(100): warning:  #188-D: enumerated type mixed with another type
  	HAL_GPIO_WritePin(
PIOB, 
PIO_PIN_8, BitValue);
HardWare\OLED.c(117): warning:  #188-D: enumerated type mixed with another type
  	HAL_GPIO_WritePin(
PIOB, 
PIO_PIN_9, BitValue);
HardWare\OLED.c: 2 warnings, 0 errors
compiling HC_06.c...
linking...
Program Size: Code=6448 RO-data=312 RW-data=24 ZI-data=2928  
FromELF: creating hex file...
"HC-06\HC-06.axf" - 0 Error(s), 2 Warning(s).
Build Time Elapsed:  00:00:04
